UNSAFE
 /Users/matt/Dropbox/hackerrank/lambda-calculi/7/flycheck_superdigit.hs:9:25-30: Error: Liquid Type Mismatch
   Inferred type
     VV : [Char] | VV == ?a && len VV == len ?a && len VV >= 0
  
   not a subtype of Required type
     VV : [Char] | len VV >= 0 && len VV < len xs
  
   In Context
     VV : [Char] | VV == ?a && len VV == len ?a && len VV >= 0
     xs : [Char] | len v >= 0
     ?a : [Char] | len ?a >= 0
 /Users/matt/Dropbox/hackerrank/lambda-calculi/7/flycheck_superdigit.hs:13:16-19: Error: Liquid Type Mismatch
   Inferred type
     VV : [[Char]] | VV == ?a && len VV == len ?a && len VV >= 0
  
   not a subtype of Required type
     VV : [[Char]] | len VV > 0
  
   In Context
     VV : [[Char]] | VV == ?a && len VV == len ?a && len VV >= 0
     ?a : [[Char]] | len ?a >= 0
 /Users/matt/Dropbox/hackerrank/lambda-calculi/7/flycheck_superdigit.hs:13:41-44: Error: Liquid Type Mismatch
   Inferred type
     VV : [[Char]] | VV == ?a && len VV == len ?a && VV /= ?b && len VV >= 0 && len VV < len ?b
  
   not a subtype of Required type
     VV : [[Char]] | len VV > 0
  
   In Context
     VV : [[Char]] | VV == ?a && len VV == len ?a && VV /= ?b && len VV >= 0 && len VV < len ?b
     ?a : [[Char]] | ?a /= ?b && len ?a >= 0 && len ?a < len ?b
     ?b : [[Char]] | len ?b >= 0
 /Users/matt/Dropbox/hackerrank/lambda-calculi/7/flycheck_superdigit.hs:13:48-51: Error: Liquid Type Mismatch
   Inferred type
     VV : [[Char]] | VV == ?a && len VV == len ?a && len VV >= 0
  
   not a subtype of Required type
     VV : [[Char]] | len VV > 0
  
   In Context
     VV : [[Char]] | VV == ?a && len VV == len ?a && len VV >= 0
     ?a : [[Char]] | len ?a >= 0